

================================================================
== Vitis HLS Report for 'p_hls_fptosi_float_i32'
================================================================
* Date:           Thu Sep  7 16:46:04 2023

* Version:        2020.2 (Build 3064766 on Wed Nov 18 09:12:47 MST 2020)
* Project:        conv_filter_prj
* Solution:       solution (Vivado IP Flow Target)
* Product family: zynquplus
* Target device:  xczu9eg-ffvb1156-2-e


================================================================
== Performance Estimates
================================================================
+ Timing: 
    * Summary: 
    +--------+---------+----------+------------+
    |  Clock |  Target | Estimated| Uncertainty|
    +--------+---------+----------+------------+
    |ap_clk  |  3.33 ns|  1.465 ns|     1.00 ns|
    +--------+---------+----------+------------+

+ Latency: 
    * Summary: 
    +---------+---------+----------+----------+-----+-----+---------+
    |  Latency (cycles) |  Latency (absolute) |  Interval | Pipeline|
    |   min   |   max   |    min   |    max   | min | max |   Type  |
    +---------+---------+----------+----------+-----+-----+---------+
    |        2|        2|  6.666 ns|  6.666 ns|    1|    1|      yes|
    +---------+---------+----------+----------+-----+-----+---------+

    + Detail: 
        * Instance: 
        N/A

        * Loop: 
        N/A

============================================================
+ Verbose Summary: Synthesis Manager
============================================================
InlineROM: 1
ExposeGlobal: 0
============================================================
+ Verbose Summary: CDFG Model
============================================================
IsTopModel: 0
ResetActiveHigh: 1
IsCombinational: 0
IsDatapathOnly: 0
HasWiredReturn: 1
HasMFsm: 2
HasVarLatency: 0
IsPipeline: 1
IsRtlPipelined: 1
IsInstanceOverlapped: 0
IsDontTouch: 0
HasImplIP: 0
IsGatedGlobalClock: 0

+ Individual pipeline summary: 
  * Pipeline-0: initiation interval (II) = 1, depth = 3


============================================================
+ Verbose Summary: Schedule
============================================================
* Number of FSM states : 3
* Pipeline : 1
  Pipeline-0 : II = 1, D = 3, States = { 1 2 3 }
* Dataflow Pipeline: 0

* FSM state transitions: 
1 --> 2 
2 --> 3 
3 --> 

* FSM state operations: 

State 1 <SV = 0> <Delay = 1.16>
ST_1 : Operation 4 [1/1] (0.00ns)   --->   "%x_read = read i32 @_ssdm_op_Read.ap_auto.float, i32 %x" [/wrk/ci/prod/2020.2/rdi_builds/continuous/2020_11_18_3064766/src/shared/hls/clib/hlsmath/src/lib_floatconversion.cpp:51]   --->   Operation 4 'read' 'x_read' <Predicate = true> <Delay = 0.00>
ST_1 : Operation 5 [1/1] (0.00ns)   --->   "%data_V = bitcast i32 %x_read" [/wrk/ci/prod/2020.2/rdi_builds/continuous/2020_11_18_3064766/src/shared/hls/clib/src/hls/utils/x_hls_utils.h:312]   --->   Operation 5 'bitcast' 'data_V' <Predicate = true> <Delay = 0.00>
ST_1 : Operation 6 [1/1] (0.00ns)   --->   "%p_Result_s = bitselect i1 @_ssdm_op_BitSelect.i1.i32.i32, i32 %data_V, i32 31"   --->   Operation 6 'bitselect' 'p_Result_s' <Predicate = true> <Delay = 0.00>
ST_1 : Operation 7 [1/1] (0.00ns)   --->   "%tmp_2 = partselect i8 @_ssdm_op_PartSelect.i8.i32.i32.i32, i32 %data_V, i32 23, i32 30"   --->   Operation 7 'partselect' 'tmp_2' <Predicate = true> <Delay = 0.00>
ST_1 : Operation 8 [1/1] (0.00ns)   --->   "%tmp_3 = trunc i32 %data_V"   --->   Operation 8 'trunc' 'tmp_3' <Predicate = true> <Delay = 0.00>
ST_1 : Operation 9 [1/1] (0.00ns)   --->   "%zext_ln341 = zext i8 %tmp_2" [/wrk/ci/prod/2020.2/rdi_builds/continuous/2020_11_18_3064766/src/shared/hls/clib/src/hls/utils/x_hls_utils.h:341]   --->   Operation 9 'zext' 'zext_ln341' <Predicate = true> <Delay = 0.00>
ST_1 : Operation 10 [1/1] (0.76ns)   --->   "%add_ln341 = add i9 %zext_ln341, i9 385" [/wrk/ci/prod/2020.2/rdi_builds/continuous/2020_11_18_3064766/src/shared/hls/clib/src/hls/utils/x_hls_utils.h:341]   --->   Operation 10 'add' 'add_ln341' <Predicate = true> <Delay = 0.76> <CoreInst = "Adder">   --->   Core 1 'Adder' <Latency = 0> <II = 1> <Delay = 1.01> <FuncUnit> <Opcode : 'add' 'sub'> <InPorts = 2> <OutPorts = 1>
ST_1 : Operation 11 [1/1] (0.00ns)   --->   "%isNeg = bitselect i1 @_ssdm_op_BitSelect.i1.i9.i32, i9 %add_ln341, i32 8"   --->   Operation 11 'bitselect' 'isNeg' <Predicate = true> <Delay = 0.00>
ST_1 : Operation 12 [1/1] (0.76ns)   --->   "%sub_ln1311 = sub i8 127, i8 %tmp_2"   --->   Operation 12 'sub' 'sub_ln1311' <Predicate = true> <Delay = 0.76> <CoreInst = "Adder">   --->   Core 1 'Adder' <Latency = 0> <II = 1> <Delay = 1.01> <FuncUnit> <Opcode : 'add' 'sub'> <InPorts = 2> <OutPorts = 1>
ST_1 : Operation 13 [1/1] (0.00ns)   --->   "%sext_ln1311 = sext i8 %sub_ln1311"   --->   Operation 13 'sext' 'sext_ln1311' <Predicate = true> <Delay = 0.00>
ST_1 : Operation 14 [1/1] (0.39ns)   --->   "%ush = select i1 %isNeg, i9 %sext_ln1311, i9 %add_ln341"   --->   Operation 14 'select' 'ush' <Predicate = true> <Delay = 0.39> <CoreInst = "Sel">   --->   Core 73 'Sel' <Latency = 0> <II = 1> <Delay = 0.44> <FuncUnit> <Opcode : 'select'> <InPorts = 3> <OutPorts = 1>

State 2 <SV = 1> <Delay = 1.38>
ST_2 : Operation 15 [1/1] (0.00ns)   --->   "%mantissa = bitconcatenate i25 @_ssdm_op_BitConcatenate.i25.i1.i23.i1, i1 1, i23 %tmp_3, i1 0"   --->   Operation 15 'bitconcatenate' 'mantissa' <Predicate = true> <Delay = 0.00>
ST_2 : Operation 16 [1/1] (0.00ns)   --->   "%zext_ln15 = zext i25 %mantissa" [/wrk/ci/prod/2020.2/rdi_builds/continuous/2020_11_18_3064766/src/shared/hls/clib/hlsmath/include/FloatingPoint/hls_case_IEEE754.h:15]   --->   Operation 16 'zext' 'zext_ln15' <Predicate = true> <Delay = 0.00>
ST_2 : Operation 17 [1/1] (0.00ns)   --->   "%sh_prom_i_i_i_i_cast_cast_cast_cast_cast = sext i9 %ush"   --->   Operation 17 'sext' 'sh_prom_i_i_i_i_cast_cast_cast_cast_cast' <Predicate = true> <Delay = 0.00>
ST_2 : Operation 18 [1/1] (0.00ns)   --->   "%sh_prom_i_i_i_i_cast_cast_cast_cast_cast_cast = zext i32 %sh_prom_i_i_i_i_cast_cast_cast_cast_cast"   --->   Operation 18 'zext' 'sh_prom_i_i_i_i_cast_cast_cast_cast_cast_cast' <Predicate = true> <Delay = 0.00>
ST_2 : Operation 19 [1/1] (0.00ns) (grouped into LUT with out node val)   --->   "%r_V = lshr i79 %zext_ln15, i79 %sh_prom_i_i_i_i_cast_cast_cast_cast_cast_cast"   --->   Operation 19 'lshr' 'r_V' <Predicate = (isNeg)> <Delay = 0.00> <CoreInst = "Shifter">   --->   Core 75 'Shifter' <Latency = 0> <II = 1> <Delay = 1.38> <FuncUnit> <Opcode : 'shl' 'lshr' 'ashr'> <InPorts = 2> <OutPorts = 1>
ST_2 : Operation 20 [1/1] (0.00ns) (grouped into LUT with out node val)   --->   "%r_V_1 = shl i79 %zext_ln15, i79 %sh_prom_i_i_i_i_cast_cast_cast_cast_cast_cast"   --->   Operation 20 'shl' 'r_V_1' <Predicate = (!isNeg)> <Delay = 0.00> <CoreInst = "Shifter">   --->   Core 75 'Shifter' <Latency = 0> <II = 1> <Delay = 1.38> <FuncUnit> <Opcode : 'shl' 'lshr' 'ashr'> <InPorts = 2> <OutPorts = 1>
ST_2 : Operation 21 [1/1] (0.00ns) (grouped into LUT with out node val)   --->   "%tmp = bitselect i1 @_ssdm_op_BitSelect.i1.i79.i32, i79 %r_V, i32 24"   --->   Operation 21 'bitselect' 'tmp' <Predicate = (isNeg)> <Delay = 0.00>
ST_2 : Operation 22 [1/1] (0.00ns) (grouped into LUT with out node val)   --->   "%zext_ln662 = zext i1 %tmp"   --->   Operation 22 'zext' 'zext_ln662' <Predicate = (isNeg)> <Delay = 0.00>
ST_2 : Operation 23 [1/1] (0.00ns) (grouped into LUT with out node val)   --->   "%tmp_1 = partselect i32 @_ssdm_op_PartSelect.i32.i79.i32.i32, i79 %r_V_1, i32 24, i32 55"   --->   Operation 23 'partselect' 'tmp_1' <Predicate = (!isNeg)> <Delay = 0.00>
ST_2 : Operation 24 [1/1] (1.38ns) (out node of the LUT)   --->   "%val = select i1 %isNeg, i32 %zext_ln662, i32 %tmp_1"   --->   Operation 24 'select' 'val' <Predicate = true> <Delay = 1.38> <CoreInst = "Sel">   --->   Core 73 'Sel' <Latency = 0> <II = 1> <Delay = 0.44> <FuncUnit> <Opcode : 'select'> <InPorts = 3> <OutPorts = 1>

State 3 <SV = 2> <Delay = 1.46>
ST_3 : Operation 25 [1/1] (1.01ns)   --->   "%result_V_2 = sub i32 0, i32 %val"   --->   Operation 25 'sub' 'result_V_2' <Predicate = (p_Result_s)> <Delay = 1.01> <CoreInst = "Adder">   --->   Core 1 'Adder' <Latency = 0> <II = 1> <Delay = 1.01> <FuncUnit> <Opcode : 'add' 'sub'> <InPorts = 2> <OutPorts = 1>
ST_3 : Operation 26 [1/1] (0.44ns)   --->   "%result_V = select i1 %p_Result_s, i32 %result_V_2, i32 %val" [/wrk/ci/prod/2020.2/rdi_builds/continuous/2020_11_18_3064766/src/shared/hls/clib/hlsmath/include/FloatingPoint/hls_case_IEEE754.h:59]   --->   Operation 26 'select' 'result_V' <Predicate = true> <Delay = 0.44> <CoreInst = "Sel">   --->   Core 73 'Sel' <Latency = 0> <II = 1> <Delay = 0.44> <FuncUnit> <Opcode : 'select'> <InPorts = 3> <OutPorts = 1>
ST_3 : Operation 27 [1/1] (0.00ns)   --->   "%ret_ln51 = ret i32 %result_V" [/wrk/ci/prod/2020.2/rdi_builds/continuous/2020_11_18_3064766/src/shared/hls/clib/hlsmath/src/lib_floatconversion.cpp:51]   --->   Operation 27 'ret' 'ret_ln51' <Predicate = true> <Delay = 0.00>


============================================================
+ Verbose Summary: Timing violations
============================================================
Target clock period: 3.33ns, clock uncertainty: 1ns.

 <State 1>: 1.16ns
The critical path consists of the following:
	wire read on port 'x' (/wrk/ci/prod/2020.2/rdi_builds/continuous/2020_11_18_3064766/src/shared/hls/clib/hlsmath/src/lib_floatconversion.cpp:51) [2]  (0 ns)
	'sub' operation ('sub_ln1311') [12]  (0.765 ns)
	'select' operation ('ush') [14]  (0.398 ns)

 <State 2>: 1.39ns
The critical path consists of the following:
	'lshr' operation ('r.V') [17]  (0 ns)
	'select' operation ('val') [22]  (1.39 ns)

 <State 3>: 1.47ns
The critical path consists of the following:
	'sub' operation ('result.V') [23]  (1.02 ns)
	'select' operation ('result.V', /wrk/ci/prod/2020.2/rdi_builds/continuous/2020_11_18_3064766/src/shared/hls/clib/hlsmath/include/FloatingPoint/hls_case_IEEE754.h:59) [24]  (0.449 ns)


============================================================
+ Verbose Summary: Binding
============================================================
N/A
* FSMD analyzer results:
  - Output states:
 - Input state : 
  - Chain level:
	State 1
	State 2
	State 3


============================================================
+ Verbose Summary: Datapath Resource usage 
============================================================
N/A
