
****** Vitis HLS - High-Level Synthesis from C, C++ and OpenCL v2020.2 (64-bit)
  **** SW Build 3064766 on Wed Nov 18 09:12:47 MST 2020
  **** IP Build 3064653 on Wed Nov 18 14:17:31 MST 2020
    ** Copyright 1986-2020 Xilinx, Inc. All Rights Reserved.

source /opt/CoE/Xilinx/Vitis_HLS/2020.2/scripts/vitis_hls/hls.tcl -notrace
INFO: Applying HLS Y2K22 patch v1.2 for IP revision
INFO: [HLS 200-10] Running '/opt/CoE/Xilinx/Vitis_HLS/2020.2/bin/unwrapped/lnx64.o/vitis_hls'
INFO: [HLS 200-10] For user 'gener' on host 'engr-rcl16g.catnet.arizona.edu' (Linux_x86_64 version 6.2.0-32-generic) on Thu Sep 07 16:45:22 MST 2023
INFO: [HLS 200-10] On os Ubuntu 22.04.3 LTS
INFO: [HLS 200-10] In directory '/mnt/data/Xilinx_Workspace/Vivado/ZCU102_10ffts/HLS_accel/Conv2D'
Sourcing Tcl script 'build.tcl'
INFO: [HLS 200-1510] Running: open_project -reset conv_filter_prj 
INFO: [HLS 200-10] Opening and resetting project '/mnt/data/Xilinx_Workspace/Vivado/ZCU102_10ffts/HLS_accel/Conv2D/conv_filter_prj'.
WARNING: [HLS 200-40] No /mnt/data/Xilinx_Workspace/Vivado/ZCU102_10ffts/HLS_accel/Conv2D/conv_filter_prj/solution/solution.aps file found.
INFO: [HLS 200-1510] Running: set_top Filter2DKernel 
INFO: [HLS 200-1510] Running: add_files ./filter2d_hw.cpp -cflags -I./ 
INFO: [HLS 200-10] Adding design file './filter2d_hw.cpp' to the project
INFO: [HLS 200-1510] Running: add_files -tb ./filter2d_hw_tb.cpp -cflags -I./ 
INFO: [HLS 200-10] Adding test bench file './filter2d_hw_tb.cpp' to the project
INFO: [HLS 200-1510] Running: open_solution solution 
INFO: [HLS 200-10] Creating and opening solution '/mnt/data/Xilinx_Workspace/Vivado/ZCU102_10ffts/HLS_accel/Conv2D/conv_filter_prj/solution'.
INFO: [HLS 200-1505] Using default flow_target 'vivado'
Resolution: For help on HLS 200-1505 see www.xilinx.com/cgi-bin/docs/rdoc?v=2020.2;t=hls+guidance;d=200-1505.html
INFO: [HLS 200-1510] Running: set_part xczu9eg-ffvb1156-2-e 
INFO: [HLS 200-10] Setting target device to 'xczu9eg-ffvb1156-2-e'
INFO: [HLS 200-1510] Running: create_clock -period 3.33333333 -name default 
INFO: [SYN 201-201] Setting up clock 'default' with a period of 3.333ns.
INFO: [HLS 200-1510] Running: set_clock_uncertainty 1 
INFO: [SYN 201-201] Setting up clock 'default' with an uncertainty of 1ns.
INFO: [HLS 200-1510] Running: csim_design 
INFO: [SIM 211-2] *************** CSIM start ***************
INFO: [SIM 211-4] CSIM will launch GCC as the compiler.
   Compiling ../../../../filter2d_hw_tb.cpp in debug mode
   Compiling ../../../../filter2d_hw.cpp in debug mode
   Generating csim.exe
[conv_2d] Allocating memory.
[conv_2d] Filling with test data.
[conv_2d] Calling convolution accelerator.
[conv_2d] Calling convolution reference.
[conv_2d] index: 0, accelerator: 36, reference: 36
[conv_2d] index: 1, accelerator: 42, reference: 42
[conv_2d] index: 2, accelerator: 48, reference: 48
[conv_2d] index: 3, accelerator: 54, reference: 54
[conv_2d] index: 4, accelerator: 60, reference: 60
[conv_2d] index: 5, accelerator: 66, reference: 66
[conv_2d] index: 6, accelerator: 66, reference: 66
[conv_2d] index: 7, accelerator: 66, reference: 66
[conv_2d] index: 8, accelerator: 66, reference: 66
[conv_2d] index: 9, accelerator: 66, reference: 66
[conv_2d] index: 10, accelerator: 66, reference: 66
[conv_2d] index: 11, accelerator: 66, reference: 66
[conv_2d] index: 12, accelerator: 66, reference: 66
[conv_2d] index: 13, accelerator: 66, reference: 66
[conv_2d] index: 14, accelerator: 66, reference: 66
[conv_2d] index: 15, accelerator: 66, reference: 66
[conv_2d] index: 16, accelerator: 66, reference: 66
[conv_2d] index: 17, accelerator: 66, reference: 66
[conv_2d] index: 18, accelerator: 66, reference: 66
[conv_2d] index: 19, accelerator: 66, reference: 66
[conv_2d] index: 20, accelerator: 60, reference: 60
[conv_2d] index: 21, accelerator: 54, reference: 54
[conv_2d] index: 22, accelerator: 48, reference: 48
[conv_2d] index: 23, accelerator: 42, reference: 42
[conv_2d] index: 24, accelerator: 36, reference: 36
[conv_2d] index: 25, accelerator: 42, reference: 42
[conv_2d] index: 26, accelerator: 49, reference: 49
[conv_2d] index: 27, accelerator: 56, reference: 56
[conv_2d] index: 28, accelerator: 63, reference: 63
[conv_2d] index: 29, accelerator: 70, reference: 70
[conv_2d] index: 30, accelerator: 77, reference: 77
[conv_2d] index: 31, accelerator: 77, reference: 77
[conv_2d] index: 32, accelerator: 77, reference: 77
[conv_2d] index: 33, accelerator: 77, reference: 77
[conv_2d] index: 34, accelerator: 77, reference: 77
[conv_2d] index: 35, accelerator: 77, reference: 77
[conv_2d] index: 36, accelerator: 77, reference: 77
[conv_2d] index: 37, accelerator: 77, reference: 77
[conv_2d] index: 38, accelerator: 77, reference: 77
[conv_2d] index: 39, accelerator: 77, reference: 77
[conv_2d] index: 40, accelerator: 77, reference: 77
[conv_2d] index: 41, accelerator: 77, reference: 77
[conv_2d] index: 42, accelerator: 77, reference: 77
[conv_2d] index: 43, accelerator: 77, reference: 77
[conv_2d] index: 44, accelerator: 77, reference: 77
[conv_2d] index: 45, accelerator: 70, reference: 70
[conv_2d] index: 46, accelerator: 63, reference: 63
[conv_2d] index: 47, accelerator: 56, reference: 56
[conv_2d] index: 48, accelerator: 49, reference: 49
[conv_2d] index: 49, accelerator: 42, reference: 42
[conv_2d] index: 50, accelerator: 48, reference: 48
[conv_2d] index: 51, accelerator: 56, reference: 56
[conv_2d] index: 52, accelerator: 64, reference: 64
[conv_2d] index: 53, accelerator: 72, reference: 72
[conv_2d] index: 54, accelerator: 80, reference: 80
[conv_2d] index: 55, accelerator: 88, reference: 88
[conv_2d] index: 56, accelerator: 88, reference: 88
[conv_2d] index: 57, accelerator: 88, reference: 88
[conv_2d] index: 58, accelerator: 88, reference: 88
[conv_2d] index: 59, accelerator: 88, reference: 88
[conv_2d] index: 60, accelerator: 88, reference: 88
[conv_2d] index: 61, accelerator: 88, reference: 88
[conv_2d] index: 62, accelerator: 88, reference: 88
[conv_2d] index: 63, accelerator: 88, reference: 88
[conv_2d] index: 64, accelerator: 88, reference: 88
[conv_2d] index: 65, accelerator: 88, reference: 88
[conv_2d] index: 66, accelerator: 88, reference: 88
[conv_2d] index: 67, accelerator: 88, reference: 88
[conv_2d] index: 68, accelerator: 88, reference: 88
[conv_2d] index: 69, accelerator: 88, reference: 88
[conv_2d] index: 70, accelerator: 80, reference: 80
[conv_2d] index: 71, accelerator: 72, reference: 72
[conv_2d] index: 72, accelerator: 64, reference: 64
[conv_2d] index: 73, accelerator: 56, reference: 56
[conv_2d] index: 74, accelerator: 48, reference: 48
[conv_2d] index: 75, accelerator: 54, reference: 54
[conv_2d] index: 76, accelerator: 63, reference: 63
[conv_2d] index: 77, accelerator: 72, reference: 72
[conv_2d] index: 78, accelerator: 85, reference: 85
[conv_2d] index: 79, accelerator: 98, reference: 98
[conv_2d] index: 80, accelerator: 111, reference: 111
[conv_2d] index: 81, accelerator: 115, reference: 115
[conv_2d] index: 82, accelerator: 119, reference: 119
[conv_2d] index: 83, accelerator: 123, reference: 123
[conv_2d] index: 84, accelerator: 127, reference: 127
[conv_2d] index: 85, accelerator: 131, reference: 131
[conv_2d] index: 86, accelerator: 135, reference: 135
[conv_2d] index: 87, accelerator: 135, reference: 135
[conv_2d] index: 88, accelerator: 135, reference: 135
[conv_2d] index: 89, accelerator: 131, reference: 131
[conv_2d] index: 90, accelerator: 127, reference: 127
[conv_2d] index: 91, accelerator: 123, reference: 123
[conv_2d] index: 92, accelerator: 119, reference: 119
[conv_2d] index: 93, accelerator: 115, reference: 115
[conv_2d] index: 94, accelerator: 111, reference: 111
[conv_2d] index: 95, accelerator: 98, reference: 98
[conv_2d] index: 96, accelerator: 85, reference: 85
[conv_2d] index: 97, accelerator: 72, reference: 72
[conv_2d] index: 98, accelerator: 63, reference: 63
[conv_2d] index: 99, accelerator: 54, reference: 54
[conv_2d] index: 100, accelerator: 60, reference: 60
[conv_2d] index: 101, accelerator: 70, reference: 70
[conv_2d] index: 102, accelerator: 80, reference: 80
[conv_2d] index: 103, accelerator: 98, reference: 98
[conv_2d] index: 104, accelerator: 116, reference: 116
[conv_2d] index: 105, accelerator: 134, reference: 134
[conv_2d] index: 106, accelerator: 142, reference: 142
[conv_2d] index: 107, accelerator: 150, reference: 150
[conv_2d] index: 108, accelerator: 158, reference: 158
[conv_2d] index: 109, accelerator: 166, reference: 166
[conv_2d] index: 110, accelerator: 174, reference: 174
[conv_2d] index: 111, accelerator: 182, reference: 182
[conv_2d] index: 112, accelerator: 182, reference: 182
[conv_2d] index: 113, accelerator: 182, reference: 182
[conv_2d] index: 114, accelerator: 174, reference: 174
[conv_2d] index: 115, accelerator: 166, reference: 166
[conv_2d] index: 116, accelerator: 158, reference: 158
[conv_2d] index: 117, accelerator: 150, reference: 150
[conv_2d] index: 118, accelerator: 142, reference: 142
[conv_2d] index: 119, accelerator: 134, reference: 134
[conv_2d] index: 120, accelerator: 116, reference: 116
[conv_2d] index: 121, accelerator: 98, reference: 98
[conv_2d] index: 122, accelerator: 80, reference: 80
[conv_2d] index: 123, accelerator: 70, reference: 70
[conv_2d] index: 124, accelerator: 60, reference: 60
[conv_2d] index: 125, accelerator: 66, reference: 66
[conv_2d] index: 126, accelerator: 77, reference: 77
[conv_2d] index: 127, accelerator: 88, reference: 88
[conv_2d] index: 128, accelerator: 111, reference: 111
[conv_2d] index: 129, accelerator: 134, reference: 134
[conv_2d] index: 130, accelerator: 157, reference: 157
[conv_2d] index: 131, accelerator: 169, reference: 169
[conv_2d] index: 132, accelerator: 181, reference: 181
[conv_2d] index: 133, accelerator: 193, reference: 193
[conv_2d] index: 134, accelerator: 205, reference: 205
[conv_2d] index: 135, accelerator: 217, reference: 217
[conv_2d] index: 136, accelerator: 229, reference: 229
[conv_2d] index: 137, accelerator: 229, reference: 229
[conv_2d] index: 138, accelerator: 229, reference: 229
[conv_2d] index: 139, accelerator: 217, reference: 217
[conv_2d] index: 140, accelerator: 205, reference: 205
[conv_2d] index: 141, accelerator: 193, reference: 193
[conv_2d] index: 142, accelerator: 181, reference: 181
[conv_2d] index: 143, accelerator: 169, reference: 169
[conv_2d] index: 144, accelerator: 157, reference: 157
[conv_2d] index: 145, accelerator: 134, reference: 134
[conv_2d] index: 146, accelerator: 111, reference: 111
[conv_2d] index: 147, accelerator: 88, reference: 88
[conv_2d] index: 148, accelerator: 77, reference: 77
[conv_2d] index: 149, accelerator: 66, reference: 66
[conv_2d] index: 150, accelerator: 66, reference: 66
[conv_2d] index: 151, accelerator: 77, reference: 77
[conv_2d] index: 152, accelerator: 88, reference: 88
[conv_2d] index: 153, accelerator: 115, reference: 115
[conv_2d] index: 154, accelerator: 142, reference: 142
[conv_2d] index: 155, accelerator: 169, reference: 169
[conv_2d] index: 156, accelerator: 185, reference: 185
[conv_2d] index: 157, accelerator: 201, reference: 201
[conv_2d] index: 158, accelerator: 217, reference: 217
[conv_2d] index: 159, accelerator: 233, reference: 233
[conv_2d] index: 160, accelerator: 249, reference: 249
[conv_2d] index: 161, accelerator: 265, reference: 265
[conv_2d] index: 162, accelerator: 265, reference: 265
[conv_2d] index: 163, accelerator: 265, reference: 265
[conv_2d] index: 164, accelerator: 249, reference: 249
[conv_2d] index: 165, accelerator: 233, reference: 233
[conv_2d] index: 166, accelerator: 217, reference: 217
[conv_2d] index: 167, accelerator: 201, reference: 201
[conv_2d] index: 168, accelerator: 185, reference: 185
[conv_2d] index: 169, accelerator: 169, reference: 169
[conv_2d] index: 170, accelerator: 142, reference: 142
[conv_2d] index: 171, accelerator: 115, reference: 115
[conv_2d] index: 172, accelerator: 88, reference: 88
[conv_2d] index: 173, accelerator: 77, reference: 77
[conv_2d] index: 174, accelerator: 66, reference: 66
[conv_2d] index: 175, accelerator: 66, reference: 66
[conv_2d] index: 176, accelerator: 77, reference: 77
[conv_2d] index: 177, accelerator: 88, reference: 88
[conv_2d] index: 178, accelerator: 119, reference: 119
[conv_2d] index: 179, accelerator: 150, reference: 150
[conv_2d] index: 180, accelerator: 181, reference: 181
[conv_2d] index: 181, accelerator: 201, reference: 201
[conv_2d] index: 182, accelerator: 221, reference: 221
[conv_2d] index: 183, accelerator: 241, reference: 241
[conv_2d] index: 184, accelerator: 261, reference: 261
[conv_2d] index: 185, accelerator: 281, reference: 281
[conv_2d] index: 186, accelerator: 301, reference: 301
[conv_2d] index: 187, accelerator: 301, reference: 301
[conv_2d] index: 188, accelerator: 301, reference: 301
[conv_2d] index: 189, accelerator: 281, reference: 281
[conv_2d] index: 190, accelerator: 261, reference: 261
[conv_2d] index: 191, accelerator: 241, reference: 241
[conv_2d] index: 192, accelerator: 221, reference: 221
[conv_2d] index: 193, accelerator: 201, reference: 201
[conv_2d] index: 194, accelerator: 181, reference: 181
[conv_2d] index: 195, accelerator: 150, reference: 150
[conv_2d] index: 196, accelerator: 119, reference: 119
[conv_2d] index: 197, accelerator: 88, reference: 88
[conv_2d] index: 198, accelerator: 77, reference: 77
[conv_2d] index: 199, accelerator: 66, reference: 66
[conv_2d] index: 200, accelerator: 66, reference: 66
[conv_2d] index: 201, accelerator: 77, reference: 77
[conv_2d] index: 202, accelerator: 88, reference: 88
[conv_2d] index: 203, accelerator: 123, reference: 123
[conv_2d] index: 204, accelerator: 158, reference: 158
[conv_2d] index: 205, accelerator: 193, reference: 193
[conv_2d] index: 206, accelerator: 217, reference: 217
[conv_2d] index: 207, accelerator: 241, reference: 241
[conv_2d] index: 208, accelerator: 265, reference: 265
[conv_2d] index: 209, accelerator: 289, reference: 289
[conv_2d] index: 210, accelerator: 313, reference: 313
[conv_2d] index: 211, accelerator: 337, reference: 337
[conv_2d] index: 212, accelerator: 337, reference: 337
[conv_2d] index: 213, accelerator: 337, reference: 337
[conv_2d] index: 214, accelerator: 313, reference: 313
[conv_2d] index: 215, accelerator: 289, reference: 289
[conv_2d] index: 216, accelerator: 265, reference: 265
[conv_2d] index: 217, accelerator: 241, reference: 241
[conv_2d] index: 218, accelerator: 217, reference: 217
[conv_2d] index: 219, accelerator: 193, reference: 193
[conv_2d] index: 220, accelerator: 158, reference: 158
[conv_2d] index: 221, accelerator: 123, reference: 123
[conv_2d] index: 222, accelerator: 88, reference: 88
[conv_2d] index: 223, accelerator: 77, reference: 77
[conv_2d] index: 224, accelerator: 66, reference: 66
[conv_2d] index: 225, accelerator: 66, reference: 66
[conv_2d] index: 226, accelerator: 77, reference: 77
[conv_2d] index: 227, accelerator: 88, reference: 88
[conv_2d] index: 228, accelerator: 127, reference: 127
[conv_2d] index: 229, accelerator: 166, reference: 166
[conv_2d] index: 230, accelerator: 205, reference: 205
[conv_2d] index: 231, accelerator: 233, reference: 233
[conv_2d] index: 232, accelerator: 261, reference: 261
[conv_2d] index: 233, accelerator: 289, reference: 289
[conv_2d] index: 234, accelerator: 317, reference: 317
[conv_2d] index: 235, accelerator: 345, reference: 345
[conv_2d] index: 236, accelerator: 373, reference: 373
[conv_2d] index: 237, accelerator: 373, reference: 373
[conv_2d] index: 238, accelerator: 373, reference: 373
[conv_2d] index: 239, accelerator: 345, reference: 345
[conv_2d] index: 240, accelerator: 317, reference: 317
[conv_2d] index: 241, accelerator: 289, reference: 289
[conv_2d] index: 242, accelerator: 261, reference: 261
[conv_2d] index: 243, accelerator: 233, reference: 233
[conv_2d] index: 244, accelerator: 205, reference: 205
[conv_2d] index: 245, accelerator: 166, reference: 166
[conv_2d] index: 246, accelerator: 127, reference: 127
[conv_2d] index: 247, accelerator: 88, reference: 88
[conv_2d] index: 248, accelerator: 77, reference: 77
[conv_2d] index: 249, accelerator: 66, reference: 66
[conv_2d] index: 250, accelerator: 66, reference: 66
[conv_2d] index: 251, accelerator: 77, reference: 77
[conv_2d] index: 252, accelerator: 88, reference: 88
[conv_2d] index: 253, accelerator: 131, reference: 131
[conv_2d] index: 254, accelerator: 174, reference: 174
[conv_2d] index: 255, accelerator: 217, reference: 217
[conv_2d] index: 256, accelerator: 249, reference: 249
[conv_2d] index: 257, accelerator: 281, reference: 281
[conv_2d] index: 258, accelerator: 313, reference: 313
[conv_2d] index: 259, accelerator: 345, reference: 345
[conv_2d] index: 260, accelerator: 377, reference: 377
[conv_2d] index: 261, accelerator: 409, reference: 409
[conv_2d] index: 262, accelerator: 409, reference: 409
[conv_2d] index: 263, accelerator: 409, reference: 409
[conv_2d] index: 264, accelerator: 377, reference: 377
[conv_2d] index: 265, accelerator: 345, reference: 345
[conv_2d] index: 266, accelerator: 313, reference: 313
[conv_2d] index: 267, accelerator: 281, reference: 281
[conv_2d] index: 268, accelerator: 249, reference: 249
[conv_2d] index: 269, accelerator: 217, reference: 217
[conv_2d] index: 270, accelerator: 174, reference: 174
[conv_2d] index: 271, accelerator: 131, reference: 131
[conv_2d] index: 272, accelerator: 88, reference: 88
[conv_2d] index: 273, accelerator: 77, reference: 77
[conv_2d] index: 274, accelerator: 66, reference: 66
[conv_2d] index: 275, accelerator: 66, reference: 66
[conv_2d] index: 276, accelerator: 77, reference: 77
[conv_2d] index: 277, accelerator: 88, reference: 88
[conv_2d] index: 278, accelerator: 135, reference: 135
[conv_2d] index: 279, accelerator: 182, reference: 182
[conv_2d] index: 280, accelerator: 229, reference: 229
[conv_2d] index: 281, accelerator: 265, reference: 265
[conv_2d] index: 282, accelerator: 301, reference: 301
[conv_2d] index: 283, accelerator: 337, reference: 337
[conv_2d] index: 284, accelerator: 373, reference: 373
[conv_2d] index: 285, accelerator: 409, reference: 409
[conv_2d] index: 286, accelerator: 445, reference: 445
[conv_2d] index: 287, accelerator: 445, reference: 445
[conv_2d] index: 288, accelerator: 445, reference: 445
[conv_2d] index: 289, accelerator: 409, reference: 409
[conv_2d] index: 290, accelerator: 373, reference: 373
[conv_2d] index: 291, accelerator: 337, reference: 337
[conv_2d] index: 292, accelerator: 301, reference: 301
[conv_2d] index: 293, accelerator: 265, reference: 265
[conv_2d] index: 294, accelerator: 229, reference: 229
[conv_2d] index: 295, accelerator: 182, reference: 182
[conv_2d] index: 296, accelerator: 135, reference: 135
[conv_2d] index: 297, accelerator: 88, reference: 88
[conv_2d] index: 298, accelerator: 77, reference: 77
[conv_2d] index: 299, accelerator: 66, reference: 66
[conv_2d] index: 300, accelerator: 66, reference: 66
[conv_2d] index: 301, accelerator: 77, reference: 77
[conv_2d] index: 302, accelerator: 88, reference: 88
[conv_2d] index: 303, accelerator: 135, reference: 135
[conv_2d] index: 304, accelerator: 182, reference: 182
[conv_2d] index: 305, accelerator: 229, reference: 229
[conv_2d] index: 306, accelerator: 265, reference: 265
[conv_2d] index: 307, accelerator: 301, reference: 301
[conv_2d] index: 308, accelerator: 337, reference: 337
[conv_2d] index: 309, accelerator: 373, reference: 373
[conv_2d] index: 310, accelerator: 409, reference: 409
[conv_2d] index: 311, accelerator: 445, reference: 445
[conv_2d] index: 312, accelerator: 445, reference: 445
[conv_2d] index: 313, accelerator: 445, reference: 445
[conv_2d] index: 314, accelerator: 409, reference: 409
[conv_2d] index: 315, accelerator: 373, reference: 373
[conv_2d] index: 316, accelerator: 337, reference: 337
[conv_2d] index: 317, accelerator: 301, reference: 301
[conv_2d] index: 318, accelerator: 265, reference: 265
[conv_2d] index: 319, accelerator: 229, reference: 229
[conv_2d] index: 320, accelerator: 182, reference: 182
[conv_2d] index: 321, accelerator: 135, reference: 135
[conv_2d] index: 322, accelerator: 88, reference: 88
[conv_2d] index: 323, accelerator: 77, reference: 77
[conv_2d] index: 324, accelerator: 66, reference: 66
[conv_2d] index: 325, accelerator: 66, reference: 66
[conv_2d] index: 326, accelerator: 77, reference: 77
[conv_2d] index: 327, accelerator: 88, reference: 88
[conv_2d] index: 328, accelerator: 135, reference: 135
[conv_2d] index: 329, accelerator: 182, reference: 182
[conv_2d] index: 330, accelerator: 229, reference: 229
[conv_2d] index: 331, accelerator: 265, reference: 265
[conv_2d] index: 332, accelerator: 301, reference: 301
[conv_2d] index: 333, accelerator: 337, reference: 337
[conv_2d] index: 334, accelerator: 373, reference: 373
[conv_2d] index: 335, accelerator: 409, reference: 409
[conv_2d] index: 336, accelerator: 445, reference: 445
[conv_2d] index: 337, accelerator: 445, reference: 445
[conv_2d] index: 338, accelerator: 445, reference: 445
[conv_2d] index: 339, accelerator: 409, reference: 409
[conv_2d] index: 340, accelerator: 373, reference: 373
[conv_2d] index: 341, accelerator: 337, reference: 337
[conv_2d] index: 342, accelerator: 301, reference: 301
[conv_2d] index: 343, accelerator: 265, reference: 265
[conv_2d] index: 344, accelerator: 229, reference: 229
[conv_2d] index: 345, accelerator: 182, reference: 182
[conv_2d] index: 346, accelerator: 135, reference: 135
[conv_2d] index: 347, accelerator: 88, reference: 88
[conv_2d] index: 348, accelerator: 77, reference: 77
[conv_2d] index: 349, accelerator: 66, reference: 66
[conv_2d] index: 350, accelerator: 66, reference: 66
[conv_2d] index: 351, accelerator: 77, reference: 77
[conv_2d] index: 352, accelerator: 88, reference: 88
[conv_2d] index: 353, accelerator: 131, reference: 131
[conv_2d] index: 354, accelerator: 174, reference: 174
[conv_2d] index: 355, accelerator: 217, reference: 217
[conv_2d] index: 356, accelerator: 249, reference: 249
[conv_2d] index: 357, accelerator: 281, reference: 281
[conv_2d] index: 358, accelerator: 313, reference: 313
[conv_2d] index: 359, accelerator: 345, reference: 345
[conv_2d] index: 360, accelerator: 377, reference: 377
[conv_2d] index: 361, accelerator: 409, reference: 409
[conv_2d] index: 362, accelerator: 409, reference: 409
[conv_2d] index: 363, accelerator: 409, reference: 409
[conv_2d] index: 364, accelerator: 377, reference: 377
[conv_2d] index: 365, accelerator: 345, reference: 345
[conv_2d] index: 366, accelerator: 313, reference: 313
[conv_2d] index: 367, accelerator: 281, reference: 281
[conv_2d] index: 368, accelerator: 249, reference: 249
[conv_2d] index: 369, accelerator: 217, reference: 217
[conv_2d] index: 370, accelerator: 174, reference: 174
[conv_2d] index: 371, accelerator: 131, reference: 131
[conv_2d] index: 372, accelerator: 88, reference: 88
[conv_2d] index: 373, accelerator: 77, reference: 77
[conv_2d] index: 374, accelerator: 66, reference: 66
[conv_2d] index: 375, accelerator: 66, reference: 66
[conv_2d] index: 376, accelerator: 77, reference: 77
[conv_2d] index: 377, accelerator: 88, reference: 88
[conv_2d] index: 378, accelerator: 127, reference: 127
[conv_2d] index: 379, accelerator: 166, reference: 166
[conv_2d] index: 380, accelerator: 205, reference: 205
[conv_2d] index: 381, accelerator: 233, reference: 233
[conv_2d] index: 382, accelerator: 261, reference: 261
[conv_2d] index: 383, accelerator: 289, reference: 289
[conv_2d] index: 384, accelerator: 317, reference: 317
[conv_2d] index: 385, accelerator: 345, reference: 345
[conv_2d] index: 386, accelerator: 373, reference: 373
[conv_2d] index: 387, accelerator: 373, reference: 373
[conv_2d] index: 388, accelerator: 373, reference: 373
[conv_2d] index: 389, accelerator: 345, reference: 345
[conv_2d] index: 390, accelerator: 317, reference: 317
[conv_2d] index: 391, accelerator: 289, reference: 289
[conv_2d] index: 392, accelerator: 261, reference: 261
[conv_2d] index: 393, accelerator: 233, reference: 233
[conv_2d] index: 394, accelerator: 205, reference: 205
[conv_2d] index: 395, accelerator: 166, reference: 166
[conv_2d] index: 396, accelerator: 127, reference: 127
[conv_2d] index: 397, accelerator: 88, reference: 88
[conv_2d] index: 398, accelerator: 77, reference: 77
[conv_2d] index: 399, accelerator: 66, reference: 66
[conv_2d] index: 400, accelerator: 66, reference: 66
[conv_2d] index: 401, accelerator: 77, reference: 77
[conv_2d] index: 402, accelerator: 88, reference: 88
[conv_2d] index: 403, accelerator: 123, reference: 123
[conv_2d] index: 404, accelerator: 158, reference: 158
[conv_2d] index: 405, accelerator: 193, reference: 193
[conv_2d] index: 406, accelerator: 217, reference: 217
[conv_2d] index: 407, accelerator: 241, reference: 241
[conv_2d] index: 408, accelerator: 265, reference: 265
[conv_2d] index: 409, accelerator: 289, reference: 289
[conv_2d] index: 410, accelerator: 313, reference: 313
[conv_2d] index: 411, accelerator: 337, reference: 337
[conv_2d] index: 412, accelerator: 337, reference: 337
[conv_2d] index: 413, accelerator: 337, reference: 337
[conv_2d] index: 414, accelerator: 313, reference: 313
[conv_2d] index: 415, accelerator: 289, reference: 289
[conv_2d] index: 416, accelerator: 265, reference: 265
[conv_2d] index: 417, accelerator: 241, reference: 241
[conv_2d] index: 418, accelerator: 217, reference: 217
[conv_2d] index: 419, accelerator: 193, reference: 193
[conv_2d] index: 420, accelerator: 158, reference: 158
[conv_2d] index: 421, accelerator: 123, reference: 123
[conv_2d] index: 422, accelerator: 88, reference: 88
[conv_2d] index: 423, accelerator: 77, reference: 77
[conv_2d] index: 424, accelerator: 66, reference: 66
[conv_2d] index: 425, accelerator: 66, reference: 66
[conv_2d] index: 426, accelerator: 77, reference: 77
[conv_2d] index: 427, accelerator: 88, reference: 88
[conv_2d] index: 428, accelerator: 119, reference: 119
[conv_2d] index: 429, accelerator: 150, reference: 150
[conv_2d] index: 430, accelerator: 181, reference: 181
[conv_2d] index: 431, accelerator: 201, reference: 201
[conv_2d] index: 432, accelerator: 221, reference: 221
[conv_2d] index: 433, accelerator: 241, reference: 241
[conv_2d] index: 434, accelerator: 261, reference: 261
[conv_2d] index: 435, accelerator: 281, reference: 281
[conv_2d] index: 436, accelerator: 301, reference: 301
[conv_2d] index: 437, accelerator: 301, reference: 301
[conv_2d] index: 438, accelerator: 301, reference: 301
[conv_2d] index: 439, accelerator: 281, reference: 281
[conv_2d] index: 440, accelerator: 261, reference: 261
[conv_2d] index: 441, accelerator: 241, reference: 241
[conv_2d] index: 442, accelerator: 221, reference: 221
[conv_2d] index: 443, accelerator: 201, reference: 201
[conv_2d] index: 444, accelerator: 181, reference: 181
[conv_2d] index: 445, accelerator: 150, reference: 150
[conv_2d] index: 446, accelerator: 119, reference: 119
[conv_2d] index: 447, accelerator: 88, reference: 88
[conv_2d] index: 448, accelerator: 77, reference: 77
[conv_2d] index: 449, accelerator: 66, reference: 66
[conv_2d] index: 450, accelerator: 66, reference: 66
[conv_2d] index: 451, accelerator: 77, reference: 77
[conv_2d] index: 452, accelerator: 88, reference: 88
[conv_2d] index: 453, accelerator: 115, reference: 115
[conv_2d] index: 454, accelerator: 142, reference: 142
[conv_2d] index: 455, accelerator: 169, reference: 169
[conv_2d] index: 456, accelerator: 185, reference: 185
[conv_2d] index: 457, accelerator: 201, reference: 201
[conv_2d] index: 458, accelerator: 217, reference: 217
[conv_2d] index: 459, accelerator: 233, reference: 233
[conv_2d] index: 460, accelerator: 249, reference: 249
[conv_2d] index: 461, accelerator: 265, reference: 265
[conv_2d] index: 462, accelerator: 265, reference: 265
[conv_2d] index: 463, accelerator: 265, reference: 265
[conv_2d] index: 464, accelerator: 249, reference: 249
[conv_2d] index: 465, accelerator: 233, reference: 233
[conv_2d] index: 466, accelerator: 217, reference: 217
[conv_2d] index: 467, accelerator: 201, reference: 201
[conv_2d] index: 468, accelerator: 185, reference: 185
[conv_2d] index: 469, accelerator: 169, reference: 169
[conv_2d] index: 470, accelerator: 142, reference: 142
[conv_2d] index: 471, accelerator: 115, reference: 115
[conv_2d] index: 472, accelerator: 88, reference: 88
[conv_2d] index: 473, accelerator: 77, reference: 77
[conv_2d] index: 474, accelerator: 66, reference: 66
[conv_2d] index: 475, accelerator: 66, reference: 66
[conv_2d] index: 476, accelerator: 77, reference: 77
[conv_2d] index: 477, accelerator: 88, reference: 88
[conv_2d] index: 478, accelerator: 111, reference: 111
[conv_2d] index: 479, accelerator: 134, reference: 134
[conv_2d] index: 480, accelerator: 157, reference: 157
[conv_2d] index: 481, accelerator: 169, reference: 169
[conv_2d] index: 482, accelerator: 181, reference: 181
[conv_2d] index: 483, accelerator: 193, reference: 193
[conv_2d] index: 484, accelerator: 205, reference: 205
[conv_2d] index: 485, accelerator: 217, reference: 217
[conv_2d] index: 486, accelerator: 229, reference: 229
[conv_2d] index: 487, accelerator: 229, reference: 229
[conv_2d] index: 488, accelerator: 229, reference: 229
[conv_2d] index: 489, accelerator: 217, reference: 217
[conv_2d] index: 490, accelerator: 205, reference: 205
[conv_2d] index: 491, accelerator: 193, reference: 193
[conv_2d] index: 492, accelerator: 181, reference: 181
[conv_2d] index: 493, accelerator: 169, reference: 169
[conv_2d] index: 494, accelerator: 157, reference: 157
[conv_2d] index: 495, accelerator: 134, reference: 134
[conv_2d] index: 496, accelerator: 111, reference: 111
[conv_2d] index: 497, accelerator: 88, reference: 88
[conv_2d] index: 498, accelerator: 77, reference: 77
[conv_2d] index: 499, accelerator: 66, reference: 66
[conv_2d] index: 500, accelerator: 60, reference: 60
[conv_2d] index: 501, accelerator: 70, reference: 70
[conv_2d] index: 502, accelerator: 80, reference: 80
[conv_2d] index: 503, accelerator: 98, reference: 98
[conv_2d] index: 504, accelerator: 116, reference: 116
[conv_2d] index: 505, accelerator: 134, reference: 134
[conv_2d] index: 506, accelerator: 142, reference: 142
[conv_2d] index: 507, accelerator: 150, reference: 150
[conv_2d] index: 508, accelerator: 158, reference: 158
[conv_2d] index: 509, accelerator: 166, reference: 166
[conv_2d] index: 510, accelerator: 174, reference: 174
[conv_2d] index: 511, accelerator: 182, reference: 182
[conv_2d] index: 512, accelerator: 182, reference: 182
[conv_2d] index: 513, accelerator: 182, reference: 182
[conv_2d] index: 514, accelerator: 174, reference: 174
[conv_2d] index: 515, accelerator: 166, reference: 166
[conv_2d] index: 516, accelerator: 158, reference: 158
[conv_2d] index: 517, accelerator: 150, reference: 150
[conv_2d] index: 518, accelerator: 142, reference: 142
[conv_2d] index: 519, accelerator: 134, reference: 134
[conv_2d] index: 520, accelerator: 116, reference: 116
[conv_2d] index: 521, accelerator: 98, reference: 98
[conv_2d] index: 522, accelerator: 80, reference: 80
[conv_2d] index: 523, accelerator: 70, reference: 70
[conv_2d] index: 524, accelerator: 60, reference: 60
[conv_2d] index: 525, accelerator: 54, reference: 54
[conv_2d] index: 526, accelerator: 63, reference: 63
[conv_2d] index: 527, accelerator: 72, reference: 72
[conv_2d] index: 528, accelerator: 85, reference: 85
[conv_2d] index: 529, accelerator: 98, reference: 98
[conv_2d] index: 530, accelerator: 111, reference: 111
[conv_2d] index: 531, accelerator: 115, reference: 115
[conv_2d] index: 532, accelerator: 119, reference: 119
[conv_2d] index: 533, accelerator: 123, reference: 123
[conv_2d] index: 534, accelerator: 127, reference: 127
[conv_2d] index: 535, accelerator: 131, reference: 131
[conv_2d] index: 536, accelerator: 135, reference: 135
[conv_2d] index: 537, accelerator: 135, reference: 135
[conv_2d] index: 538, accelerator: 135, reference: 135
[conv_2d] index: 539, accelerator: 131, reference: 131
[conv_2d] index: 540, accelerator: 127, reference: 127
[conv_2d] index: 541, accelerator: 123, reference: 123
[conv_2d] index: 542, accelerator: 119, reference: 119
[conv_2d] index: 543, accelerator: 115, reference: 115
[conv_2d] index: 544, accelerator: 111, reference: 111
[conv_2d] index: 545, accelerator: 98, reference: 98
[conv_2d] index: 546, accelerator: 85, reference: 85
[conv_2d] index: 547, accelerator: 72, reference: 72
[conv_2d] index: 548, accelerator: 63, reference: 63
[conv_2d] index: 549, accelerator: 54, reference: 54
[conv_2d] index: 550, accelerator: 48, reference: 48
[conv_2d] index: 551, accelerator: 56, reference: 56
[conv_2d] index: 552, accelerator: 64, reference: 64
[conv_2d] index: 553, accelerator: 72, reference: 72
[conv_2d] index: 554, accelerator: 80, reference: 80
[conv_2d] index: 555, accelerator: 88, reference: 88
[conv_2d] index: 556, accelerator: 88, reference: 88
[conv_2d] index: 557, accelerator: 88, reference: 88
[conv_2d] index: 558, accelerator: 88, reference: 88
[conv_2d] index: 559, accelerator: 88, reference: 88
[conv_2d] index: 560, accelerator: 88, reference: 88
[conv_2d] index: 561, accelerator: 88, reference: 88
[conv_2d] index: 562, accelerator: 88, reference: 88
[conv_2d] index: 563, accelerator: 88, reference: 88
[conv_2d] index: 564, accelerator: 88, reference: 88
[conv_2d] index: 565, accelerator: 88, reference: 88
[conv_2d] index: 566, accelerator: 88, reference: 88
[conv_2d] index: 567, accelerator: 88, reference: 88
[conv_2d] index: 568, accelerator: 88, reference: 88
[conv_2d] index: 569, accelerator: 88, reference: 88
[conv_2d] index: 570, accelerator: 80, reference: 80
[conv_2d] index: 571, accelerator: 72, reference: 72
[conv_2d] index: 572, accelerator: 64, reference: 64
[conv_2d] index: 573, accelerator: 56, reference: 56
[conv_2d] index: 574, accelerator: 48, reference: 48
[conv_2d] index: 575, accelerator: 42, reference: 42
[conv_2d] index: 576, accelerator: 49, reference: 49
[conv_2d] index: 577, accelerator: 56, reference: 56
[conv_2d] index: 578, accelerator: 63, reference: 63
[conv_2d] index: 579, accelerator: 70, reference: 70
[conv_2d] index: 580, accelerator: 77, reference: 77
[conv_2d] index: 581, accelerator: 77, reference: 77
[conv_2d] index: 582, accelerator: 77, reference: 77
[conv_2d] index: 583, accelerator: 77, reference: 77
[conv_2d] index: 584, accelerator: 77, reference: 77
[conv_2d] index: 585, accelerator: 77, reference: 77
[conv_2d] index: 586, accelerator: 77, reference: 77
[conv_2d] index: 587, accelerator: 77, reference: 77
[conv_2d] index: 588, accelerator: 77, reference: 77
[conv_2d] index: 589, accelerator: 77, reference: 77
[conv_2d] index: 590, accelerator: 77, reference: 77
[conv_2d] index: 591, accelerator: 77, reference: 77
[conv_2d] index: 592, accelerator: 77, reference: 77
[conv_2d] index: 593, accelerator: 77, reference: 77
[conv_2d] index: 594, accelerator: 77, reference: 77
[conv_2d] index: 595, accelerator: 70, reference: 70
[conv_2d] index: 596, accelerator: 63, reference: 63
[conv_2d] index: 597, accelerator: 56, reference: 56
[conv_2d] index: 598, accelerator: 49, reference: 49
[conv_2d] index: 599, accelerator: 42, reference: 42
[conv_2d] index: 600, accelerator: 36, reference: 36
[conv_2d] index: 601, accelerator: 42, reference: 42
[conv_2d] index: 602, accelerator: 48, reference: 48
[conv_2d] index: 603, accelerator: 54, reference: 54
[conv_2d] index: 604, accelerator: 60, reference: 60
[conv_2d] index: 605, accelerator: 66, reference: 66
[conv_2d] index: 606, accelerator: 66, reference: 66
[conv_2d] index: 607, accelerator: 66, reference: 66
[conv_2d] index: 608, accelerator: 66, reference: 66
[conv_2d] index: 609, accelerator: 66, reference: 66
[conv_2d] index: 610, accelerator: 66, reference: 66
[conv_2d] index: 611, accelerator: 66, reference: 66
[conv_2d] index: 612, accelerator: 66, reference: 66
[conv_2d] index: 613, accelerator: 66, reference: 66
[conv_2d] index: 614, accelerator: 66, reference: 66
[conv_2d] index: 615, accelerator: 66, reference: 66
[conv_2d] index: 616, accelerator: 66, reference: 66
[conv_2d] index: 617, accelerator: 66, reference: 66
[conv_2d] index: 618, accelerator: 66, reference: 66
[conv_2d] index: 619, accelerator: 66, reference: 66
[conv_2d] index: 620, accelerator: 60, reference: 60
[conv_2d] index: 621, accelerator: 54, reference: 54
[conv_2d] index: 622, accelerator: 48, reference: 48
[conv_2d] index: 623, accelerator: 42, reference: 42
[conv_2d] index: 624, accelerator: 36, reference: 36
[conv_2d] Standalone test passed!
The maximum depth reached by any of the 2 hls::stream() instances in the design is 625
The maximum depth reached by any of the 2 hls::stream() instances in the design is 625
INFO: [SIM 211-1] CSim done with 0 errors.
INFO: [SIM 211-3] *************** CSIM finish ***************
INFO: [HLS 200-111] Finished Command csim_design CPU user time: 1.62 seconds. CPU system time: 0.51 seconds. Elapsed time: 6.66 seconds; current allocated memory: 206.069 MB.
INFO: [HLS 200-1510] Running: csynth_design 
INFO: [HLS 200-111] Finished File checks and directory preparation: CPU user time: 0.01 seconds. CPU system time: 0 seconds. Elapsed time: 0 seconds; current allocated memory: 206.251 MB.
INFO: [HLS 200-10] Analyzing design file './filter2d_hw.cpp' ... 
WARNING: [HLS 207-5301] unused parameter 'width': ./filter2d_hw.cpp:23:24
WARNING: [HLS 207-5301] unused parameter 'factor': ./filter2d_hw.cpp:141:15
INFO: [HLS 200-111] Finished Source Code Analysis and Preprocessing: CPU user time: 1.55 seconds. CPU system time: 0.39 seconds. Elapsed time: 6.68 seconds; current allocated memory: 207.990 MB.
INFO: [HLS 200-777] Using interface defaults for 'Vivado' flow target.
INFO: [HLS 214-131] Inlining function 'hls::stream<float, 0>::stream()' into 'hls::stream<float, 2>::stream()' (/opt/CoE/Xilinx/Vitis_HLS/2020.2/common/technology/autopilot/hls_stream_39.h:195:43)
INFO: [HLS 214-131] Inlining function 'hls::stream<window, 0>::stream()' into 'hls::stream<window, 3>::stream()' (/opt/CoE/Xilinx/Vitis_HLS/2020.2/common/technology/autopilot/hls_stream_39.h:195:43)
INFO: [HLS 214-131] Inlining function 'hls::stream<float, 0>::write(float const&)' into 'ReadFromMem(unsigned short, unsigned short, unsigned short, float const*, hls::stream<float, 0>&)' (./filter2d_hw.cpp:39:39)
INFO: [HLS 214-131] Inlining function 'hls::stream<int, 0>::read(int&)' into 'hls::stream<int, 0>::read()' (/opt/CoE/Xilinx/Vitis_HLS/2020.2/common/technology/autopilot/hls_stream_39.h:156:9)
INFO: [HLS 214-131] Inlining function 'hls::stream<int, 0>::read()' into 'Window2D(unsigned short, unsigned short, hls::stream<int, 0>&, hls::stream<window, 0>&)' (./filter2d_hw.cpp:107:50)
INFO: [HLS 214-131] Inlining function 'hls::stream<window, 0>::write(window const&)' into 'Window2D(unsigned short, unsigned short, hls::stream<int, 0>&, hls::stream<window, 0>&)' (./filter2d_hw.cpp:132:27)
INFO: [HLS 214-131] Inlining function 'hls::stream<float, 0>::read(float&)' into 'hls::stream<float, 0>::read()' (/opt/CoE/Xilinx/Vitis_HLS/2020.2/common/technology/autopilot/hls_stream_39.h:156:9)
INFO: [HLS 214-131] Inlining function 'hls::stream<window, 0>::read(window&)' into 'hls::stream<window, 0>::read()' (/opt/CoE/Xilinx/Vitis_HLS/2020.2/common/technology/autopilot/hls_stream_39.h:156:9)
INFO: [HLS 214-131] Inlining function 'hls::axis<ap_uint<32>, 0ul, 0ul, 0ul>::get_user_ptr()' into 'hls::stream<hls::axis<ap_uint<32>, 0ul, 0ul, 0ul>, 0>::write(hls::axis<ap_uint<32>, 0ul, 0ul, 0ul> const&)' (/opt/CoE/Xilinx/Vitis_HLS/2020.2/common/technology/autopilot/ap_axi_sdata.h:304:51)
INFO: [HLS 214-131] Inlining function 'hls::axis<ap_uint<32>, 0ul, 0ul, 0ul>::get_dest_ptr()' into 'hls::stream<hls::axis<ap_uint<32>, 0ul, 0ul, 0ul>, 0>::write(hls::axis<ap_uint<32>, 0ul, 0ul, 0ul> const&)' (/opt/CoE/Xilinx/Vitis_HLS/2020.2/common/technology/autopilot/ap_axi_sdata.h:307:26)
INFO: [HLS 214-131] Inlining function 'hls::axis<ap_uint<32>, 0ul, 0ul, 0ul>::get_id_ptr()' into 'hls::stream<hls::axis<ap_uint<32>, 0ul, 0ul, 0ul>, 0>::write(hls::axis<ap_uint<32>, 0ul, 0ul, 0ul> const&)' (/opt/CoE/Xilinx/Vitis_HLS/2020.2/common/technology/autopilot/ap_axi_sdata.h:306:68)
INFO: [HLS 214-131] Inlining function 'hls::axis<ap_uint<32>, 0ul, 0ul, 0ul>::get_user_ptr()' into 'hls::stream<hls::axis<ap_uint<32>, 0ul, 0ul, 0ul>, 0>::write(hls::axis<ap_uint<32>, 0ul, 0ul, 0ul> const&)' (/opt/CoE/Xilinx/Vitis_HLS/2020.2/common/technology/autopilot/ap_axi_sdata.h:306:37)
INFO: [HLS 214-131] Inlining function 'hls::axis<ap_uint<32>, 0ul, 0ul, 0ul>::get_dest_ptr()' into 'hls::stream<hls::axis<ap_uint<32>, 0ul, 0ul, 0ul>, 0>::write(hls::axis<ap_uint<32>, 0ul, 0ul, 0ul> const&)' (/opt/CoE/Xilinx/Vitis_HLS/2020.2/common/technology/autopilot/ap_axi_sdata.h:305:40)
INFO: [HLS 214-131] Inlining function 'hls::axis<ap_uint<32>, 0ul, 0ul, 0ul>::get_id_ptr()' into 'hls::stream<hls::axis<ap_uint<32>, 0ul, 0ul, 0ul>, 0>::write(hls::axis<ap_uint<32>, 0ul, 0ul, 0ul> const&)' (/opt/CoE/Xilinx/Vitis_HLS/2020.2/common/technology/autopilot/ap_axi_sdata.h:305:24)
INFO: [HLS 214-131] Inlining function 'hls::stream<float, 0>::read()' into 'Filter2D(unsigned short, unsigned short, float, short, hls::stream<float, 0>&, hls::stream<window, 0>&, hls::stream<hls::axis<ap_uint<32>, 0ul, 0ul, 0ul>, 0>&)' (./filter2d_hw.cpp:158:30)
INFO: [HLS 214-131] Inlining function 'hls::stream<hls::axis<ap_uint<32>, 0ul, 0ul, 0ul>, 0>::write(hls::axis<ap_uint<32>, 0ul, 0ul, 0ul> const&)' into 'Filter2D(unsigned short, unsigned short, float, short, hls::stream<float, 0>&, hls::stream<window, 0>&, hls::stream<hls::axis<ap_uint<32>, 0ul, 0ul, 0ul>, 0>&)' (./filter2d_hw.cpp:199:26)
INFO: [HLS 214-131] Inlining function 'hls::stream<window, 0>::read()' into 'Filter2D(unsigned short, unsigned short, float, short, hls::stream<float, 0>&, hls::stream<window, 0>&, hls::stream<hls::axis<ap_uint<32>, 0ul, 0ul, 0ul>, 0>&)' (./filter2d_hw.cpp:169:27)
INFO: [HLS 214-131] Inlining function 'hls::stream<float, 2>::stream()' into 'Filter2DKernel' (./filter2d_hw.cpp:233:23)
INFO: [HLS 214-131] Inlining function 'hls::stream<window, 3>::stream()' into 'Filter2DKernel' (./filter2d_hw.cpp:235:27)
INFO: [HLS 214-178] Inlining function 'fp_struct<float>::fp_struct(float)' into 'int generic_cast_IEEE754<int, (ap_q_mode)6, float>(float, bool, hls::enable_if<std::numeric_limits<int>::is_signed, bool>::type)' (/wrk/ci/prod/2020.2/rdi_builds/continuous/2020_11_18_3064766/src/shared/hls/clib/hlsmath/include/FloatingPoint/hls_case_IEEE754.h:12:0)
INFO: [HLS 214-178] Inlining function 'fp_struct<float>::mantissa() const' into 'int generic_cast_IEEE754<int, (ap_q_mode)6, float>(float, bool, hls::enable_if<std::numeric_limits<int>::is_signed, bool>::type)' (/wrk/ci/prod/2020.2/rdi_builds/continuous/2020_11_18_3064766/src/shared/hls/clib/hlsmath/include/FloatingPoint/hls_case_IEEE754.h:12:0)
INFO: [HLS 214-178] Inlining function 'fp_struct<float>::expv() const' into 'int generic_cast_IEEE754<int, (ap_q_mode)6, float>(float, bool, hls::enable_if<std::numeric_limits<int>::is_signed, bool>::type)' (/wrk/ci/prod/2020.2/rdi_builds/continuous/2020_11_18_3064766/src/shared/hls/clib/hlsmath/include/FloatingPoint/hls_case_IEEE754.h:12:0)
INFO: [HLS 214-178] Inlining function 'fp_struct<float>::__signbit() const' into 'int generic_cast_IEEE754<int, (ap_q_mode)6, float>(float, bool, hls::enable_if<std::numeric_limits<int>::is_signed, bool>::type)' (/wrk/ci/prod/2020.2/rdi_builds/continuous/2020_11_18_3064766/src/shared/hls/clib/hlsmath/include/FloatingPoint/hls_case_IEEE754.h:12:0)
INFO: [HLS 214-178] Inlining function 'int generic_cast_IEEE754<int, (ap_q_mode)6, float>(float, bool, hls::enable_if<std::numeric_limits<int>::is_signed, bool>::type)' into 'int generic_cast_IEEE754<int, float>(float, bool)' (/wrk/ci/prod/2020.2/rdi_builds/continuous/2020_11_18_3064766/src/shared/hls/clib/hlsmath/include/FloatingPoint/hls_case_IEEE754.h:116:0)
INFO: [HLS 214-178] Inlining function 'int generic_cast_IEEE754<int, float>(float, bool)' into '__hls_fptosi_float_i32' (/wrk/ci/prod/2020.2/rdi_builds/continuous/2020_11_18_3064766/src/shared/hls/clib/hlsmath/src/lib_floatconversion.cpp:51:0)
INFO: [HLS 214-131] Inlining function '_llvm.fpga.pack.none.i3872.s_struct.windows' into 'Window2D(unsigned short, unsigned short, hls::stream<int, 0>&, hls::stream<window, 0>&) (.1)' (/opt/CoE/Xilinx/Vitis_HLS/2020.2/common/technology/autopilot/hls_stream_39.h:174:9)
INFO: [HLS 200-111] Finished Compiling Optimization and Transform: CPU user time: 3.03 seconds. CPU system time: 0.32 seconds. Elapsed time: 6.84 seconds; current allocated memory: 213.169 MB.
INFO: [HLS 200-111] Finished Checking Pragmas: CPU user time: 0 seconds. CPU system time: 0 seconds. Elapsed time: 0 seconds; current allocated memory: 213.170 MB.
INFO: [HLS 200-10] Starting code transformations ...
INFO: [HLS 200-111] Finished Standard Transforms: CPU user time: 0.14 seconds. CPU system time: 0.02 seconds. Elapsed time: 0.82 seconds; current allocated memory: 237.991 MB.
INFO: [HLS 200-10] Checking synthesizability ...
INFO: [XFORM 203-602] Inlining function '__hls_fptosi_float_i32' into 'Filter2D' (./filter2d_hw.cpp:186) automatically.
INFO: [HLS 200-111] Finished Checking Synthesizability: CPU user time: 0.39 seconds. CPU system time: 0.01 seconds. Elapsed time: 0.4 seconds; current allocated memory: 273.587 MB.
INFO: [XFORM 203-510] Pipelining loop 'read_coefs' (./filter2d_hw.cpp:37) in function 'ReadFromMem' automatically.
INFO: [XFORM 203-502] Unrolling all sub-loops inside loop 'update_window' (./filter2d_hw.cpp:92) in function 'Window2D' for pipelining.
INFO: [XFORM 203-502] Unrolling all sub-loops inside loop 'VITIS_LOOP_165_2' (./filter2d_hw.cpp:165) in function 'Filter2D' for pipelining.
INFO: [HLS 200-489] Unrolling loop 'VITIS_LOOP_110_1' (./filter2d_hw.cpp:110) in function 'Window2D' completely with a factor of 11.
INFO: [HLS 200-489] Unrolling loop 'VITIS_LOOP_111_2' (./filter2d_hw.cpp:111) in function 'Window2D' completely with a factor of 10.
INFO: [HLS 200-489] Unrolling loop 'VITIS_LOOP_118_3' (./filter2d_hw.cpp:118) in function 'Window2D' completely with a factor of 9.
INFO: [HLS 200-489] Unrolling loop 'VITIS_LOOP_173_3' (./filter2d_hw.cpp:172) in function 'Filter2D' completely with a factor of 11.
INFO: [HLS 200-489] Unrolling loop 'VITIS_LOOP_175_4' (./filter2d_hw.cpp:172) in function 'Filter2D' completely with a factor of 11.
INFO: [XFORM 203-102] Partitioning array 'Window.pix' (./filter2d_hw.cpp:90) in dimension 1 automatically.
INFO: [XFORM 203-102] Partitioning array 'Window.pix.0' (./filter2d_hw.cpp:90) automatically.
INFO: [XFORM 203-102] Partitioning array 'Window.pix.1' (./filter2d_hw.cpp:90) automatically.
INFO: [XFORM 203-102] Partitioning array 'Window.pix.2' (./filter2d_hw.cpp:90) automatically.
INFO: [XFORM 203-102] Partitioning array 'Window.pix.3' (./filter2d_hw.cpp:90) automatically.
INFO: [XFORM 203-102] Partitioning array 'Window.pix.4' (./filter2d_hw.cpp:90) automatically.
INFO: [XFORM 203-102] Partitioning array 'Window.pix.5' (./filter2d_hw.cpp:90) automatically.
INFO: [XFORM 203-102] Partitioning array 'Window.pix.6' (./filter2d_hw.cpp:90) automatically.
INFO: [XFORM 203-102] Partitioning array 'Window.pix.7' (./filter2d_hw.cpp:90) automatically.
INFO: [XFORM 203-102] Partitioning array 'Window.pix.8' (./filter2d_hw.cpp:90) automatically.
INFO: [XFORM 203-102] Partitioning array 'Window.pix.9' (./filter2d_hw.cpp:90) automatically.
INFO: [XFORM 203-102] Partitioning array 'Window.pix.10' (./filter2d_hw.cpp:90) automatically.
INFO: [XFORM 203-102] Partitioning array 'tmp.pix' (/opt/CoE/Xilinx/Vitis_HLS/2020.2/common/technology/autopilot/hls_stream_39.h:155) in dimension 1 automatically.
INFO: [XFORM 203-102] Partitioning array 'tmp.pix.0' (/opt/CoE/Xilinx/Vitis_HLS/2020.2/common/technology/autopilot/hls_stream_39.h:155) automatically.
INFO: [XFORM 203-102] Partitioning array 'tmp.pix.1' (/opt/CoE/Xilinx/Vitis_HLS/2020.2/common/technology/autopilot/hls_stream_39.h:155) automatically.
INFO: [XFORM 203-102] Partitioning array 'tmp.pix.2' (/opt/CoE/Xilinx/Vitis_HLS/2020.2/common/technology/autopilot/hls_stream_39.h:155) automatically.
INFO: [XFORM 203-102] Partitioning array 'tmp.pix.3' (/opt/CoE/Xilinx/Vitis_HLS/2020.2/common/technology/autopilot/hls_stream_39.h:155) automatically.
INFO: [XFORM 203-102] Partitioning array 'tmp.pix.4' (/opt/CoE/Xilinx/Vitis_HLS/2020.2/common/technology/autopilot/hls_stream_39.h:155) automatically.
INFO: [XFORM 203-102] Partitioning array 'tmp.pix.5' (/opt/CoE/Xilinx/Vitis_HLS/2020.2/common/technology/autopilot/hls_stream_39.h:155) automatically.
INFO: [XFORM 203-102] Partitioning array 'tmp.pix.6' (/opt/CoE/Xilinx/Vitis_HLS/2020.2/common/technology/autopilot/hls_stream_39.h:155) automatically.
INFO: [XFORM 203-102] Partitioning array 'tmp.pix.7' (/opt/CoE/Xilinx/Vitis_HLS/2020.2/common/technology/autopilot/hls_stream_39.h:155) automatically.
INFO: [XFORM 203-102] Partitioning array 'tmp.pix.8' (/opt/CoE/Xilinx/Vitis_HLS/2020.2/common/technology/autopilot/hls_stream_39.h:155) automatically.
INFO: [XFORM 203-102] Partitioning array 'tmp.pix.9' (/opt/CoE/Xilinx/Vitis_HLS/2020.2/common/technology/autopilot/hls_stream_39.h:155) automatically.
INFO: [XFORM 203-102] Partitioning array 'tmp.pix.10' (/opt/CoE/Xilinx/Vitis_HLS/2020.2/common/technology/autopilot/hls_stream_39.h:155) automatically.
INFO: [XFORM 203-101] Partitioning array 'LineBuffer' (./filter2d_hw.cpp:84) in dimension 1 completely.
INFO: [XFORM 203-101] Partitioning array 'coeffs' (./filter2d_hw.cpp:151) in dimension 1 completely.
INFO: [XFORM 203-101] Partitioning array 'coeffs' (./filter2d_hw.cpp:151) in dimension 2 completely.
WARNING: [ANALYSIS 214-31] The program may have out of bound access of array variable 'coeffs' in function 'ReadFromMem' (./filter2d_hw.cpp:38:22).
WARNING: [HLS 200-786] Detected dataflow-on-top in function  'Filter2DKernel' (./filter2d_hw.cpp:209)  with default interface mode 'ap_ctrl_hs'. Overlapped execution of successive kernel calls will not happen unless interface mode 'ap_ctrl_chain' is used (or 'ap_ctrl_none' for a purely data-driven design).
Resolution: For help on HLS 200-786 see www.xilinx.com/cgi-bin/docs/rdoc?v=2020.2;t=hls+guidance;d=200-786.html
INFO: [XFORM 203-712] Applying dataflow to function 'Filter2DKernel' (./filter2d_hw.cpp:209), detected/extracted 4 process function(s): 
	 'Filter2DKernel.entry4'
	 'ReadFromMem'
	 'Window2D'
	 'Filter2D'.
INFO: [XFORM 203-11] Balancing expressions in function 'Filter2D' (./filter2d_hw.cpp:0:15)...121 expression(s) balanced.
INFO: [HLS 200-111] Finished Loop, function and other optimizations: CPU user time: 1.12 seconds. CPU system time: 0.02 seconds. Elapsed time: 1.16 seconds; current allocated memory: 332.888 MB.
INFO: [XFORM 203-541] Flattening a loop nest 'load_coefs' (./filter2d_hw.cpp:155:23) in function 'Filter2D'.
INFO: [XFORM 203-541] Flattening a loop nest 'apply_filter' (./filter2d_hw.cpp:163:28) in function 'Filter2D'.
WARNING: [ANALYSIS 214-52] Found false inter dependency for variable 'LineBuffer[0]' (./filter2d_hw.cpp:84).
WARNING: [ANALYSIS 214-52] Found false inter dependency for variable 'LineBuffer[7]' (./filter2d_hw.cpp:84).
WARNING: [ANALYSIS 214-52] Found false inter dependency for variable 'LineBuffer[6]' (./filter2d_hw.cpp:84).
WARNING: [ANALYSIS 214-52] Found false inter dependency for variable 'LineBuffer[5]' (./filter2d_hw.cpp:84).
WARNING: [ANALYSIS 214-52] Found false inter dependency for variable 'LineBuffer[4]' (./filter2d_hw.cpp:84).
WARNING: [ANALYSIS 214-52] Found false inter dependency for variable 'LineBuffer[3]' (./filter2d_hw.cpp:84).
WARNING: [ANALYSIS 214-52] Found false inter dependency for variable 'LineBuffer[2]' (./filter2d_hw.cpp:84).
WARNING: [ANALYSIS 214-52] Found false inter dependency for variable 'LineBuffer[1]' (./filter2d_hw.cpp:84).
WARNING: [ANALYSIS 214-52] Found false inter dependency for variable 'LineBuffer[8]' (./filter2d_hw.cpp:84).
WARNING: [ANALYSIS 214-52] Found false inter dependency for variable 'LineBuffer[9]' (./filter2d_hw.cpp:84).
WARNING: [ANALYSIS 214-52] Found false intra dependency for variable 'LineBuffer[0]' (./filter2d_hw.cpp:84).
WARNING: [ANALYSIS 214-52] Found false intra dependency for variable 'LineBuffer[7]' (./filter2d_hw.cpp:84).
WARNING: [ANALYSIS 214-52] Found false intra dependency for variable 'LineBuffer[6]' (./filter2d_hw.cpp:84).
WARNING: [ANALYSIS 214-52] Found false intra dependency for variable 'LineBuffer[5]' (./filter2d_hw.cpp:84).
WARNING: [ANALYSIS 214-52] Found false intra dependency for variable 'LineBuffer[4]' (./filter2d_hw.cpp:84).
WARNING: [ANALYSIS 214-52] Found false intra dependency for variable 'LineBuffer[3]' (./filter2d_hw.cpp:84).
WARNING: [ANALYSIS 214-52] Found false intra dependency for variable 'LineBuffer[2]' (./filter2d_hw.cpp:84).
WARNING: [ANALYSIS 214-52] Found false intra dependency for variable 'LineBuffer[1]' (./filter2d_hw.cpp:84).
WARNING: [ANALYSIS 214-52] Found false intra dependency for variable 'LineBuffer[8]' (./filter2d_hw.cpp:84).
WARNING: [ANALYSIS 214-52] Found false intra dependency for variable 'LineBuffer[9]' (./filter2d_hw.cpp:84).
INFO: [HLS 200-472] Inferring partial write operation for 'LineBuffer[0]' (./filter2d_hw.cpp:119:36)
INFO: [HLS 200-472] Inferring partial write operation for 'LineBuffer[9]' (./filter2d_hw.cpp:121:36)
WARNING: [HLS 200-1614] Cosimulation may deadlock if process Window2D has a streamed top-level array input and has predecessor processes. If a deadlock occurs, please consider converting the streamed array into an hls::stream or using '::common::get_param hls.config_cosim.top_streamed_array true' in the TCL script.
INFO: [HLS 200-111] Finished Architecture Synthesis: CPU user time: 0.73 seconds. CPU system time: 0.01 seconds. Elapsed time: 0.77 seconds; current allocated memory: 411.626 MB.
INFO: [HLS 200-10] Starting hardware synthesis ...
INFO: [HLS 200-10] Synthesizing 'Filter2DKernel' ...
WARNING: [SYN 201-103] Legalizing function name 'Filter2DKernel.entry3' to 'Filter2DKernel_entry3'.
WARNING: [SYN 201-103] Legalizing function name 'Filter2DKernel.entry4' to 'Filter2DKernel_entry4'.
WARNING: [SYN 201-103] Legalizing function name '__hls_fptosi_float_i32' to 'p_hls_fptosi_float_i32'.
INFO: [HLS 200-10] ----------------------------------------------------------------
INFO: [HLS 200-42] -- Implementing module 'Filter2DKernel_entry3' 
INFO: [HLS 200-10] ----------------------------------------------------------------
INFO: [SCHED 204-11] Starting scheduling ...
INFO: [SCHED 204-11] Finished scheduling.
INFO: [HLS 200-111] Finished Scheduling: CPU user time: 0.04 seconds. CPU system time: 0.01 seconds. Elapsed time: 0.15 seconds; current allocated memory: 412.535 MB.
INFO: [BIND 205-100] Starting micro-architecture generation ...
INFO: [BIND 205-101] Performing variable lifetime analysis.
INFO: [BIND 205-101] Exploring resource sharing.
INFO: [BIND 205-101] Binding ...
INFO: [BIND 205-100] Finished micro-architecture generation.
INFO: [HLS 200-111] Finished Binding: CPU user time: 0.02 seconds. CPU system time: 0 seconds. Elapsed time: 0.04 seconds; current allocated memory: 412.618 MB.
INFO: [HLS 200-10] ----------------------------------------------------------------
INFO: [HLS 200-42] -- Implementing module 'Filter2DKernel_entry4' 
INFO: [HLS 200-10] ----------------------------------------------------------------
INFO: [SCHED 204-11] Starting scheduling ...
INFO: [SCHED 204-11] Finished scheduling.
INFO: [HLS 200-111] Finished Scheduling: CPU user time: 0.01 seconds. CPU system time: 0.01 seconds. Elapsed time: 0.01 seconds; current allocated memory: 412.716 MB.
INFO: [BIND 205-100] Starting micro-architecture generation ...
INFO: [BIND 205-101] Performing variable lifetime analysis.
INFO: [BIND 205-101] Exploring resource sharing.
INFO: [BIND 205-101] Binding ...
INFO: [BIND 205-100] Finished micro-architecture generation.
INFO: [HLS 200-111] Finished Binding: CPU user time: 0 seconds. CPU system time: 0 seconds. Elapsed time: 0.01 seconds; current allocated memory: 412.867 MB.
INFO: [HLS 200-10] ----------------------------------------------------------------
INFO: [HLS 200-42] -- Implementing module 'ReadFromMem' 
INFO: [HLS 200-10] ----------------------------------------------------------------
INFO: [SCHED 204-11] Starting scheduling ...
INFO: [SCHED 204-61] Pipelining loop 'read_coefs'.
INFO: [HLS 200-1470] Pipelining result : Target II = 1, Final II = 1, Depth = 3, loop 'read_coefs'
INFO: [SCHED 204-11] Finished scheduling.
INFO: [HLS 200-111] Finished Scheduling: CPU user time: 0.02 seconds. CPU system time: 0 seconds. Elapsed time: 0.02 seconds; current allocated memory: 412.961 MB.
INFO: [BIND 205-100] Starting micro-architecture generation ...
INFO: [BIND 205-101] Performing variable lifetime analysis.
INFO: [BIND 205-101] Exploring resource sharing.
INFO: [BIND 205-101] Binding ...
INFO: [BIND 205-100] Finished micro-architecture generation.
INFO: [HLS 200-111] Finished Binding: CPU user time: 0.02 seconds. CPU system time: 0 seconds. Elapsed time: 0.01 seconds; current allocated memory: 413.077 MB.
INFO: [HLS 200-10] ----------------------------------------------------------------
INFO: [HLS 200-42] -- Implementing module 'Window2D' 
INFO: [HLS 200-10] ----------------------------------------------------------------
INFO: [SCHED 204-11] Starting scheduling ...
INFO: [HLS 200-486] Changing DSP48 latency (root=num_pixels) to 3 in order to utilize available DSP registers.
INFO: [SCHED 204-61] Pipelining loop 'update_window'.
INFO: [HLS 200-1470] Pipelining result : Target II = 1, Final II = 1, Depth = 3, loop 'update_window'
INFO: [SCHED 204-11] Finished scheduling.
INFO: [HLS 200-111] Finished Scheduling: CPU user time: 0.07 seconds. CPU system time: 0 seconds. Elapsed time: 0.08 seconds; current allocated memory: 414.168 MB.
INFO: [BIND 205-100] Starting micro-architecture generation ...
INFO: [BIND 205-101] Performing variable lifetime analysis.
INFO: [BIND 205-101] Exploring resource sharing.
INFO: [BIND 205-101] Binding ...
INFO: [BIND 205-100] Finished micro-architecture generation.
INFO: [HLS 200-111] Finished Binding: CPU user time: 0.05 seconds. CPU system time: 0 seconds. Elapsed time: 0.05 seconds; current allocated memory: 415.811 MB.
INFO: [HLS 200-10] ----------------------------------------------------------------
INFO: [HLS 200-42] -- Implementing module 'p_hls_fptosi_float_i32' 
INFO: [HLS 200-10] ----------------------------------------------------------------
INFO: [SCHED 204-11] Starting scheduling ...
INFO: [SCHED 204-61] Pipelining function '__hls_fptosi_float_i32'.
INFO: [HLS 200-1470] Pipelining result : Target II = 1, Final II = 1, Depth = 3, function '__hls_fptosi_float_i32'
INFO: [SCHED 204-11] Finished scheduling.
INFO: [HLS 200-111] Finished Scheduling: CPU user time: 0.05 seconds. CPU system time: 0 seconds. Elapsed time: 0.05 seconds; current allocated memory: 415.925 MB.
INFO: [BIND 205-100] Starting micro-architecture generation ...
INFO: [BIND 205-101] Performing variable lifetime analysis.
INFO: [BIND 205-101] Exploring resource sharing.
INFO: [BIND 205-101] Binding ...
INFO: [BIND 205-100] Finished micro-architecture generation.
INFO: [HLS 200-111] Finished Binding: CPU user time: 0.02 seconds. CPU system time: 0 seconds. Elapsed time: 0.02 seconds; current allocated memory: 416.049 MB.
INFO: [HLS 200-10] ----------------------------------------------------------------
INFO: [HLS 200-42] -- Implementing module 'Filter2D' 
INFO: [HLS 200-10] ----------------------------------------------------------------
INFO: [SCHED 204-11] Starting scheduling ...
INFO: [HLS 200-486] Changing DSP48 latency (root=bound4) to 3 in order to utilize available DSP registers.
INFO: [SCHED 204-61] Pipelining loop 'load_coefs_VITIS_LOOP_156_1'.
INFO: [HLS 200-1470] Pipelining result : Target II = 1, Final II = 1, Depth = 2, loop 'load_coefs_VITIS_LOOP_156_1'
INFO: [SCHED 204-61] Pipelining loop 'apply_filter_VITIS_LOOP_165_2'.
INFO: [HLS 200-1470] Pipelining result : Target II = 1, Final II = 1, Depth = 25, loop 'apply_filter_VITIS_LOOP_165_2'
WARNING: [HLS 200-871] Estimated clock period (3.239ns) exceeds the target (target clock period: 3.333ns, clock uncertainty: 1ns, effective delay budget: 2.333ns).
Resolution: For help on HLS 200-871 see www.xilinx.com/cgi-bin/docs/rdoc?v=2020.2;t=hls+guidance;d=200-871.html
WARNING: [HLS 200-1016] The critical path in module 'Filter2D' consists of the following:	'sitofp' operation ('tmp_2_i', ./filter2d_hw.cpp:186->./filter2d_hw.cpp:212) [895]  (3.24 ns)

Resolution: For help on HLS 200-1016 see www.xilinx.com/cgi-bin/docs/rdoc?v=2020.2;t=hls+guidance;d=200-1016.html
INFO: [SCHED 204-11] Finished scheduling.
INFO: [HLS 200-111] Finished Scheduling: CPU user time: 0.83 seconds. CPU system time: 0 seconds. Elapsed time: 0.84 seconds; current allocated memory: 422.732 MB.
INFO: [BIND 205-100] Starting micro-architecture generation ...
INFO: [BIND 205-101] Performing variable lifetime analysis.
INFO: [BIND 205-101] Exploring resource sharing.
INFO: [BIND 205-101] Binding ...
INFO: [BIND 205-100] Finished micro-architecture generation.
INFO: [HLS 200-111] Finished Binding: CPU user time: 1.55 seconds. CPU system time: 0 seconds. Elapsed time: 1.55 seconds; current allocated memory: 433.944 MB.
INFO: [HLS 200-10] ----------------------------------------------------------------
INFO: [HLS 200-42] -- Implementing module 'Filter2DKernel' 
INFO: [HLS 200-10] ----------------------------------------------------------------
INFO: [SCHED 204-11] Starting scheduling ...
INFO: [SCHED 204-11] Finished scheduling.
WARNING: [HLS 200-1018] Consider increasing the depth of FIFO coeff_stream (from ReadFromMem_U0 to Filter2D_U0) to 4 to improve performance and/or avoid deadlocks.
INFO: [HLS 200-111] Finished Scheduling: CPU user time: 2.49 seconds. CPU system time: 0.01 seconds. Elapsed time: 2.5 seconds; current allocated memory: 434.136 MB.
INFO: [BIND 205-100] Starting micro-architecture generation ...
INFO: [BIND 205-101] Performing variable lifetime analysis.
INFO: [BIND 205-101] Exploring resource sharing.
INFO: [BIND 205-101] Binding ...
INFO: [BIND 205-100] Finished micro-architecture generation.
INFO: [HLS 200-111] Finished Binding: CPU user time: 1.11 seconds. CPU system time: 0 seconds. Elapsed time: 1.11 seconds; current allocated memory: 434.525 MB.
INFO: [HLS 200-10] ----------------------------------------------------------------
INFO: [HLS 200-10] -- Generating RTL for module 'Filter2DKernel_entry3' 
INFO: [HLS 200-10] ----------------------------------------------------------------
INFO: [RTGEN 206-100] Finished creating RTL model for 'Filter2DKernel_entry3'.
INFO: [HLS 200-111] Finished Creating RTL model: CPU user time: 1.61 seconds. CPU system time: 0 seconds. Elapsed time: 1.62 seconds; current allocated memory: 434.645 MB.
INFO: [HLS 200-10] ----------------------------------------------------------------
INFO: [HLS 200-10] -- Generating RTL for module 'Filter2DKernel_entry4' 
INFO: [HLS 200-10] ----------------------------------------------------------------
INFO: [RTGEN 206-100] Finished creating RTL model for 'Filter2DKernel_entry4'.
INFO: [HLS 200-111] Finished Creating RTL model: CPU user time: 0.01 seconds. CPU system time: 0 seconds. Elapsed time: 0.03 seconds; current allocated memory: 435.032 MB.
INFO: [HLS 200-10] ----------------------------------------------------------------
INFO: [HLS 200-10] -- Generating RTL for module 'ReadFromMem' 
INFO: [HLS 200-10] ----------------------------------------------------------------
INFO: [RTGEN 206-100] Finished creating RTL model for 'ReadFromMem'.
INFO: [HLS 200-111] Finished Creating RTL model: CPU user time: 0.02 seconds. CPU system time: 0 seconds. Elapsed time: 0.02 seconds; current allocated memory: 435.549 MB.
INFO: [HLS 200-10] ----------------------------------------------------------------
INFO: [HLS 200-10] -- Generating RTL for module 'Window2D' 
INFO: [HLS 200-10] ----------------------------------------------------------------
INFO: [RTGEN 206-100] Generating core module 'mul_mul_16ns_16ns_32_4_1': 1 instance(s).
INFO: [RTGEN 206-100] Finished creating RTL model for 'Window2D'.
INFO: [HLS 200-111] Finished Creating RTL model: CPU user time: 0.05 seconds. CPU system time: 0 seconds. Elapsed time: 0.06 seconds; current allocated memory: 438.524 MB.
INFO: [HLS 200-10] ----------------------------------------------------------------
INFO: [HLS 200-10] -- Generating RTL for module 'p_hls_fptosi_float_i32' 
INFO: [HLS 200-10] ----------------------------------------------------------------
INFO: [RTGEN 206-100] Finished creating RTL model for 'p_hls_fptosi_float_i32'.
INFO: [HLS 200-111] Finished Creating RTL model: CPU user time: 0.13 seconds. CPU system time: 0.01 seconds. Elapsed time: 0.15 seconds; current allocated memory: 444.480 MB.
INFO: [HLS 200-10] ----------------------------------------------------------------
INFO: [HLS 200-10] -- Generating RTL for module 'Filter2D' 
INFO: [HLS 200-10] ----------------------------------------------------------------
INFO: [RTGEN 206-100] Generating core module 'fmul_32ns_32ns_32_8_max_dsp_1': 121 instance(s).
INFO: [RTGEN 206-100] Generating core module 'mul_mul_11ns_11ns_22_4_1': 1 instance(s).
INFO: [RTGEN 206-100] Generating core module 'sitofp_32ns_32_7_no_dsp_1': 121 instance(s).
INFO: [RTGEN 206-100] Finished creating RTL model for 'Filter2D'.
INFO: [HLS 200-111] Finished Creating RTL model: CPU user time: 0.53 seconds. CPU system time: 0.01 seconds. Elapsed time: 0.54 seconds; current allocated memory: 467.928 MB.
INFO: [HLS 200-10] ----------------------------------------------------------------
INFO: [HLS 200-10] -- Generating RTL for module 'Filter2DKernel' 
INFO: [HLS 200-10] ----------------------------------------------------------------
WARNING: [RTGEN 206-101] Design contains AXI ports. Reset is fixed to synchronous and active low.
INFO: [RTGEN 206-500] Setting interface mode on port 'Filter2DKernel/coeffs' to 's_axilite & ap_memory'.
INFO: [RTGEN 206-500] Setting interface mode on port 'Filter2DKernel/factor' to 's_axilite & ap_none'.
INFO: [RTGEN 206-500] Setting interface mode on port 'Filter2DKernel/bias' to 's_axilite & ap_none'.
INFO: [RTGEN 206-500] Setting interface mode on port 'Filter2DKernel/width' to 's_axilite & ap_none'.
INFO: [RTGEN 206-500] Setting interface mode on port 'Filter2DKernel/height' to 's_axilite & ap_none'.
INFO: [RTGEN 206-500] Setting interface mode on port 'Filter2DKernel/stride' to 's_axilite & ap_none'.
INFO: [RTGEN 206-500] Setting interface mode on port 'Filter2DKernel/input_stream_V' to 'axis' (register, both mode).
INFO: [RTGEN 206-500] Setting interface mode on port 'Filter2DKernel/output_stream_V_data_V' to 'axis' (register, both mode).
INFO: [RTGEN 206-500] Setting interface mode on port 'Filter2DKernel/output_stream_V_keep_V' to 'axis' (register, both mode).
INFO: [RTGEN 206-500] Setting interface mode on port 'Filter2DKernel/output_stream_V_strb_V' to 'axis' (register, both mode).
INFO: [RTGEN 206-500] Setting interface mode on port 'Filter2DKernel/output_stream_V_last_V' to 'axis' (register, both mode).
INFO: [RTGEN 206-500] Setting interface mode on function 'Filter2DKernel' to 's_axilite & ap_ctrl_hs'.
INFO: [RTGEN 206-100] Bundling port 'factor', 'bias', 'width', 'height', 'stride', 'coeffs' and 'return' to AXI-Lite port config.
INFO: [RTGEN 206-100] Finished creating RTL model for 'Filter2DKernel'.
INFO: [HLS 200-111] Finished Creating RTL model: CPU user time: 3.83 seconds. CPU system time: 0.04 seconds. Elapsed time: 3.88 seconds; current allocated memory: 496.989 MB.
INFO: [RTMG 210-278] Implementing memory 'Filter2DKernel_Window2D_LineBuffer_0_ram (RAM)' using auto RAMs.
INFO: [RTMG 210-285] Implementing FIFO 'bias_c1_U(Filter2DKernel_fifo_w16_d2_S)' using Shift Registers.
INFO: [RTMG 210-285] Implementing FIFO 'width_c2_U(Filter2DKernel_fifo_w16_d2_S)' using Shift Registers.
INFO: [RTMG 210-285] Implementing FIFO 'height_c3_U(Filter2DKernel_fifo_w16_d2_S)' using Shift Registers.
INFO: [RTMG 210-285] Implementing FIFO 'bias_c_U(Filter2DKernel_fifo_w16_d3_S)' using Shift Registers.
INFO: [RTMG 210-285] Implementing FIFO 'width_c_U(Filter2DKernel_fifo_w16_d2_S)' using Shift Registers.
INFO: [RTMG 210-285] Implementing FIFO 'width_c9_U(Filter2DKernel_fifo_w16_d3_S)' using Shift Registers.
INFO: [RTMG 210-285] Implementing FIFO 'height_c_U(Filter2DKernel_fifo_w16_d2_S)' using Shift Registers.
INFO: [RTMG 210-285] Implementing FIFO 'height_c10_U(Filter2DKernel_fifo_w16_d3_S)' using Shift Registers.
INFO: [RTMG 210-285] Implementing FIFO 'coeff_stream_U(Filter2DKernel_fifo_w32_d2_S)' using Shift Registers.
INFO: [RTMG 210-285] Implementing FIFO 'window_stream_U(Filter2DKernel_fifo_w3872_d3_A)' using Vivado Default RAMs.
INFO: [RTMG 210-285] Implementing FIFO 'start_for_Filter2DKernel_entry4_U0_U(Filter2DKernel_start_for_Filter2DKernel_entry4_U0)' using Shift Registers.
INFO: [RTMG 210-285] Implementing FIFO 'start_for_Window2D_U0_U(Filter2DKernel_start_for_Window2D_U0)' using Shift Registers.
INFO: [RTMG 210-285] Implementing FIFO 'start_for_Filter2D_U0_U(Filter2DKernel_start_for_Filter2D_U0)' using Shift Registers.
INFO: [HLS 200-111] Finished Generating all RTL models: CPU user time: 2.93 seconds. CPU system time: 0.06 seconds. Elapsed time: 3.13 seconds; current allocated memory: 504.808 MB.
INFO: [VHDL 208-304] Generating VHDL RTL for Filter2DKernel.
INFO: [VLOG 209-307] Generating Verilog RTL for Filter2DKernel.
INFO: [HLS 200-790] **** Loop Constraint Status: All loop constraints were satisfied.
INFO: [HLS 200-789] **** Estimated Fmax: 308.74 MHz
INFO: [HLS 200-111] Finished Command csynth_design CPU user time: 22.5 seconds. CPU system time: 0.93 seconds. Elapsed time: 32.66 seconds; current allocated memory: 506.040 MB.
INFO: [HLS 200-1510] Running: export_design -rtl verilog -format ip_catalog -description 2D Convolution -display_name Conv2D 
INFO: [IMPL 213-8] Exporting RTL as a Vivado IP.

****** Vivado v2020.2 (64-bit)
  **** SW Build 3064766 on Wed Nov 18 09:12:47 MST 2020
  **** IP Build 3064653 on Wed Nov 18 14:17:31 MST 2020
    ** Copyright 1986-2020 Xilinx, Inc. All Rights Reserved.

source run_ippack.tcl -notrace
INFO: [IP_Flow 19-234] Refreshing IP repositories
INFO: [IP_Flow 19-1704] No user IP repositories specified
INFO: [IP_Flow 19-2313] Loaded Vivado IP repository '/opt/CoE/Xilinx/Vivado/2020.2/data/ip'.
WARNING: [IP_Flow 19-4832] The IP name 'Filter2DKernel_ap_fmul_6_max_dsp_32' you have specified is long. The Windows operating system has path length limitations. It is recommended you use shorter names to reduce the likelihood of issues.
create_ip: Time (s): cpu = 00:00:01 ; elapsed = 00:00:10 . Memory (MB): peak = 2285.984 ; gain = 43.039 ; free physical = 46012 ; free virtual = 59129
INFO: [IP_Flow 19-1686] Generating 'Synthesis' target for IP 'Filter2DKernel_ap_fmul_6_max_dsp_32'...
INFO: [IP_Flow 19-1686] Generating 'Simulation' target for IP 'Filter2DKernel_ap_fmul_6_max_dsp_32'...
WARNING: [IP_Flow 19-4832] The IP name 'Filter2DKernel_ap_sitofp_5_no_dsp_32' you have specified is long. The Windows operating system has path length limitations. It is recommended you use shorter names to reduce the likelihood of issues.
INFO: [IP_Flow 19-1686] Generating 'Synthesis' target for IP 'Filter2DKernel_ap_sitofp_5_no_dsp_32'...
INFO: [IP_Flow 19-1686] Generating 'Simulation' target for IP 'Filter2DKernel_ap_sitofp_5_no_dsp_32'...
INFO: [IP_Flow 19-234] Refreshing IP repositories
INFO: [IP_Flow 19-1704] No user IP repositories specified
INFO: [IP_Flow 19-2313] Loaded Vivado IP repository '/opt/CoE/Xilinx/Vivado/2020.2/data/ip'.
INFO: [Common 17-206] Exiting Vivado at Thu Sep  7 16:47:11 2023...
INFO: [HLS 200-802] Generated output file conv_filter_prj/solution/impl/export.zip
INFO: [HLS 200-111] Finished Command export_design CPU user time: 12.53 seconds. CPU system time: 2.89 seconds. Elapsed time: 55.16 seconds; current allocated memory: 513.631 MB.
INFO: [HLS 200-112] Total CPU user time: 39.52 seconds. Total CPU system time: 5.92 seconds. Total elapsed time: 115.72 seconds; peak allocated memory: 504.808 MB.
INFO: [Common 17-206] Exiting vitis_hls at Thu Sep  7 16:47:15 2023...
